<?xml version="1.0" encoding="UTF-8"?>
<!-- Generated by org.testng.reporters.JUnitReportReporter -->
<testsuite hostname="abdulraheemPC" failures="0" tests="2" name="TestNGPRacticewithSwagLab.TestNGPRacticewithSwagLab.LoginTest" time="3.597" errors="0" timestamp="2025-06-04T18:37:22 EET" skipped="0">
  <testcase classname="TestNGPRacticewithSwagLab.TestNGPRacticewithSwagLab.LoginTest" name="LoginWithValidUser" time="1.748"/>
  <testcase classname="TestNGPRacticewithSwagLab.TestNGPRacticewithSwagLab.LoginTest" name="LoginWithInvalidUser" time="1.849"/>
</testsuite> <!-- TestNGPRacticewithSwagLab.TestNGPRacticewithSwagLab.LoginTest -->
